<?xml version="1.0" encoding="UTF-8"?>
<!-- Generated by org.testng.reporters.JUnitReportReporter -->
<testsuite hostname="JIM-TI8227" name="TC.Search" tests="3" failures="0" timestamp="27 Dec 2015 07:06:30 GMT" time="0.000" errors="0">
  <testcase name="test2" time="0.000" classname="TC.Search"/>
  <testcase name="test2" time="0.000" classname="TC.Search"/>
  <testcase name="test2" time="0.000" classname="TC.Search"/>
</testsuite> <!-- TC.Search -->
